[35m[1mConsolidate compiler generated dependencies of target armor_node[0m
[ 28%] Built target train_digit_model_cpp
[ 42%] [32mBuilding CXX object CMakeFiles/armor_node.dir/src/vision_node.cpp.o[0m
[ 71%] [32mBuilding CXX object CMakeFiles/armor_node.dir/src/src/armor_detector.cpp.o[0m
[ 71%] [32mBuilding CXX object CMakeFiles/armor_node.dir/src/src/libtorch_digit_recognizer.cpp.o[0m
[ 85%] [32m[1mLinking CXX executable armor_node[0m
/usr/bin/ld: CMakeFiles/armor_node.dir/src/vision_node.cpp.o: in function `ArmorNode::image_callback(std::shared_ptr<sensor_msgs::msg::Image_<std::allocator<void> > >)':
vision_node.cpp:(.text._ZN9ArmorNode14image_callbackESt10shared_ptrIN11sensor_msgs3msg6Image_ISaIvEEEE[_ZN9ArmorNode14image_callbackESt10shared_ptrIN11sensor_msgs3msg6Image_ISaIvEEEE]+0xbe): undefined reference to `ArmorDetector::testshow(cv::Mat const&)'
collect2: error: ld returned 1 exit status
gmake[2]: *** [CMakeFiles/armor_node.dir/build.make:1511ï¼šarmor_node] é”™è¯¯ 1
gmake[1]: *** [CMakeFiles/Makefile2:139ï¼šCMakeFiles/armor_node.dir/all] é”™è¯¯ 2
gmake: *** [Makefile:146ï¼šall] é”™è¯¯ 2
