-- Found ament_cmake: 1.3.12 (/opt/ros/humble/share/ament_cmake/cmake)
-- Found rclcpp: 16.0.16 (/opt/ros/humble/share/rclcpp/cmake)
-- Found rosidl_generator_c: 3.1.7 (/opt/ros/humble/share/rosidl_generator_c/cmake)
-- Found rosidl_adapter: 3.1.7 (/opt/ros/humble/share/rosidl_adapter/cmake)
-- Found rosidl_generator_cpp: 3.1.7 (/opt/ros/humble/share/rosidl_generator_cpp/cmake)
-- Using all available rosidl_typesupport_c: rosidl_typesupport_fastrtps_c;rosidl_typesupport_introspection_c
-- Using all available rosidl_typesupport_cpp: rosidl_typesupport_fastrtps_cpp;rosidl_typesupport_introspection_cpp
-- Found rmw_implementation_cmake: 6.1.2 (/opt/ros/humble/share/rmw_implementation_cmake/cmake)
-- Found rmw_fastrtps_cpp: 6.2.9 (/opt/ros/humble/share/rmw_fastrtps_cpp/cmake)
-- Using RMW implementation 'rmw_fastrtps_cpp' as default
-- Found sensor_msgs: 4.9.0 (/opt/ros/humble/share/sensor_msgs/cmake)
-- Found cv_bridge: 3.2.1 (/opt/ros/humble/share/cv_bridge/cmake)
-- Found image_transport: 3.1.12 (/opt/ros/humble/share/image_transport/cmake)
-- Found pose_msg: 0.0.0 (/home/lzs/Vision_Arena_2025/install/pose_msg/share/pose_msg/cmake)
-- Found referee_pkg: 0.0.0 (/home/lzs/Vision_Arena_2025/install/referee_pkg/share/referee_pkg/cmake)
-- Found armor_recognition_interfaces: 1.0.0 (/home/lzs/Vision_Arena_2025/install/armor_recognition_interfaces/share/armor_recognition_interfaces/cmake)
-- Configuring done
-- Generating done
-- Build files have been written to: /home/lzs/CVengers_challenge/build/cvengers_challenge
[35m[1mConsolidate compiler generated dependencies of target armor_node[0m
[ 25%] [32mBuilding CXX object CMakeFiles/armor_node.dir/src/src/image_processor.cpp.o[0m
[ 50%] [32mBuilding CXX object CMakeFiles/armor_node.dir/src/vision_node.cpp.o[0m
[ 75%] [32mBuilding CXX object CMakeFiles/armor_node.dir/src/src/armor_detector.cpp.o[0m
[01m[K/home/lzs/CVengers_challenge/src/vision_node.cpp:[m[K In member function â€˜[01m[Kvoid ArmorDetector::load_templates_from_file(const string&)[m[Kâ€™:
[01m[K/home/lzs/CVengers_challenge/src/vision_node.cpp:105:57:[m[K [01;31m[Kerror: [m[Kâ€˜[01m[Ktemplate_width_[m[Kâ€™ was not declared in this scope; did you mean â€˜[01m[Ktemplate_img[m[Kâ€™?
  105 |         cv::resize(template_img, template_img, cv::Size([01;31m[Ktemplate_width_[m[K, template_height_));
      |                                                         [01;31m[K^~~~~~~~~~~~~~~[m[K
      |                                                         [32m[Ktemplate_img[m[K
[01m[K/home/lzs/CVengers_challenge/src/vision_node.cpp:105:74:[m[K [01;31m[Kerror: [m[Kâ€˜[01m[Ktemplate_height_[m[Kâ€™ was not declared in this scope; did you mean â€˜[01m[Ktemplate_img[m[Kâ€™?
  105 | esize(template_img, template_img, cv::Size(template_width_, [01;31m[Ktemplate_height_[m[K));
      |                                                             [01;31m[K^~~~~~~~~~~~~~~~[m[K
      |                                                             [32m[Ktemplate_img[m[K
[01m[K/home/lzs/CVengers_challenge/src/src/armor_detector.cpp:[m[K In member function â€˜[01m[Kint ArmorDetector::num_recognition(cv::Mat)[m[Kâ€™:
[01m[K/home/lzs/CVengers_challenge/src/src/armor_detector.cpp:346:23:[m[K [01;35m[Kwarning: [m[Kcomparison of integer expressions of different signedness: â€˜[01m[Kint[m[Kâ€™ and â€˜[01m[Kstd::vector<cv::Mat>::size_type[m[Kâ€™ {aka â€˜[01m[Klong unsigned int[m[Kâ€™} [[01;35m[K]8;;https://gcc.gnu.org/onlinedocs/gcc/Warning-Options.html#index-Wsign-compare-Wsign-compare]8;;[m[K]
  346 |     for (int i = 0; [01;35m[Ki < number_templates_.size()[m[K; i++) {
      |                     [01;35m[K~~^~~~~~~~~~~~~~~~~~~~~~~~~~[m[K
gmake[2]: *** [CMakeFiles/armor_node.dir/build.make:76ï¼šCMakeFiles/armor_node.dir/src/vision_node.cpp.o] é”™è¯¯ 1
gmake[1]: *** [CMakeFiles/Makefile2:137ï¼šCMakeFiles/armor_node.dir/all] é”™è¯¯ 2
gmake: *** [Makefile:146ï¼šall] é”™è¯¯ 2
