[0.006s] Invoking command in '/home/lzs/CVengers_challenge/build/cvengers_challenge': CMAKE_PREFIX_PATH=${CMAKE_PREFIX_PATH}:/opt/ros/humble /usr/bin/cmake --build /home/lzs/CVengers_challenge/build/cvengers_challenge -- -j24 -l24
[0.026s] -- Found ament_cmake: 1.3.12 (/opt/ros/humble/share/ament_cmake/cmake)
[0.096s] -- Found rclcpp: 16.0.16 (/opt/ros/humble/share/rclcpp/cmake)
[0.117s] -- Found rosidl_generator_c: 3.1.7 (/opt/ros/humble/share/rosidl_generator_c/cmake)
[0.119s] -- Found rosidl_adapter: 3.1.7 (/opt/ros/humble/share/rosidl_adapter/cmake)
[0.123s] -- Found rosidl_generator_cpp: 3.1.7 (/opt/ros/humble/share/rosidl_generator_cpp/cmake)
[0.130s] -- Using all available rosidl_typesupport_c: rosidl_typesupport_fastrtps_c;rosidl_typesupport_introspection_c
[0.137s] -- Using all available rosidl_typesupport_cpp: rosidl_typesupport_fastrtps_cpp;rosidl_typesupport_introspection_cpp
[0.156s] -- Found rmw_implementation_cmake: 6.1.2 (/opt/ros/humble/share/rmw_implementation_cmake/cmake)
[0.157s] -- Found rmw_fastrtps_cpp: 6.2.9 (/opt/ros/humble/share/rmw_fastrtps_cpp/cmake)
[0.218s] -- Using RMW implementation 'rmw_fastrtps_cpp' as default
[0.244s] -- Found sensor_msgs: 4.9.0 (/opt/ros/humble/share/sensor_msgs/cmake)
[0.259s] -- Found cv_bridge: 3.2.1 (/opt/ros/humble/share/cv_bridge/cmake)
[0.263s] -- Found image_transport: 3.1.12 (/opt/ros/humble/share/image_transport/cmake)
[0.278s] -- Found pose_msg: 0.0.0 (/home/lzs/Vision_Arena_2025/install/pose_msg/share/pose_msg/cmake)
[0.284s] -- Found referee_pkg: 0.0.0 (/home/lzs/Vision_Arena_2025/install/referee_pkg/share/referee_pkg/cmake)
[0.292s] -- Found armor_recognition_interfaces: 1.0.0 (/home/lzs/Vision_Arena_2025/install/armor_recognition_interfaces/share/armor_recognition_interfaces/cmake)
[0.342s] -- Configuring done
[0.382s] -- Generating done
[0.386s] -- Build files have been written to: /home/lzs/CVengers_challenge/build/cvengers_challenge
[0.409s] [35m[1mConsolidate compiler generated dependencies of target armor_node[0m
[0.424s] [ 25%] [32mBuilding CXX object CMakeFiles/armor_node.dir/src/src/image_processor.cpp.o[0m
[0.425s] [ 50%] [32mBuilding CXX object CMakeFiles/armor_node.dir/src/vision_node.cpp.o[0m
[0.425s] [ 75%] [32mBuilding CXX object CMakeFiles/armor_node.dir/src/src/armor_detector.cpp.o[0m
[1.785s] [01m[K/home/lzs/CVengers_challenge/src/vision_node.cpp:[m[K In member function â€˜[01m[Kvoid ArmorDetector::load_templates_from_file(const string&)[m[Kâ€™:
[1.785s] [01m[K/home/lzs/CVengers_challenge/src/vision_node.cpp:105:57:[m[K [01;31m[Kerror: [m[Kâ€˜[01m[Ktemplate_width_[m[Kâ€™ was not declared in this scope; did you mean â€˜[01m[Ktemplate_img[m[Kâ€™?
[1.785s]   105 |         cv::resize(template_img, template_img, cv::Size([01;31m[Ktemplate_width_[m[K, template_height_));
[1.785s]       |                                                         [01;31m[K^~~~~~~~~~~~~~~[m[K
[1.785s]       |                                                         [32m[Ktemplate_img[m[K
[1.792s] [01m[K/home/lzs/CVengers_challenge/src/vision_node.cpp:105:74:[m[K [01;31m[Kerror: [m[Kâ€˜[01m[Ktemplate_height_[m[Kâ€™ was not declared in this scope; did you mean â€˜[01m[Ktemplate_img[m[Kâ€™?
[1.792s]   105 | esize(template_img, template_img, cv::Size(template_width_, [01;31m[Ktemplate_height_[m[K));
[1.792s]       |                                                             [01;31m[K^~~~~~~~~~~~~~~~[m[K
[1.792s]       |                                                             [32m[Ktemplate_img[m[K
[1.983s] [01m[K/home/lzs/CVengers_challenge/src/src/armor_detector.cpp:[m[K In member function â€˜[01m[Kint ArmorDetector::num_recognition(cv::Mat)[m[Kâ€™:
[1.983s] [01m[K/home/lzs/CVengers_challenge/src/src/armor_detector.cpp:346:23:[m[K [01;35m[Kwarning: [m[Kcomparison of integer expressions of different signedness: â€˜[01m[Kint[m[Kâ€™ and â€˜[01m[Kstd::vector<cv::Mat>::size_type[m[Kâ€™ {aka â€˜[01m[Klong unsigned int[m[Kâ€™} [[01;35m[K]8;;https://gcc.gnu.org/onlinedocs/gcc/Warning-Options.html#index-Wsign-compare-Wsign-compare]8;;[m[K]
[1.983s]   346 |     for (int i = 0; [01;35m[Ki < number_templates_.size()[m[K; i++) {
[1.983s]       |                     [01;35m[K~~^~~~~~~~~~~~~~~~~~~~~~~~~~[m[K
[3.087s] gmake[2]: *** [CMakeFiles/armor_node.dir/build.make:76ï¼šCMakeFiles/armor_node.dir/src/vision_node.cpp.o] é”™è¯¯ 1
[3.088s] gmake[1]: *** [CMakeFiles/Makefile2:137ï¼šCMakeFiles/armor_node.dir/all] é”™è¯¯ 2
[3.088s] gmake: *** [Makefile:146ï¼šall] é”™è¯¯ 2
[3.091s] Invoked command in '/home/lzs/CVengers_challenge/build/cvengers_challenge' returned '2': CMAKE_PREFIX_PATH=${CMAKE_PREFIX_PATH}:/opt/ros/humble /usr/bin/cmake --build /home/lzs/CVengers_challenge/build/cvengers_challenge -- -j24 -l24
