[0.005s] Invoking command in '/home/lzs/CVengers_challenge/build/cvengers_challenge': CMAKE_PREFIX_PATH=${CMAKE_PREFIX_PATH}:/opt/ros/humble /usr/bin/cmake --build /home/lzs/CVengers_challenge/build/cvengers_challenge -- -j24 -l24
[0.039s] [35m[1mConsolidate compiler generated dependencies of target armor_node[0m
[0.055s] [ 25%] [32mBuilding CXX object CMakeFiles/armor_node.dir/src/src/armor_detector.cpp.o[0m
[0.057s] [ 50%] [32mBuilding CXX object CMakeFiles/armor_node.dir/src/vision_node.cpp.o[0m
[1.504s] [01m[K/home/lzs/CVengers_challenge/src/vision_node.cpp:[m[K In member function â€˜[01m[Kvoid ArmorDetector::load_templates_from_file(const string&)[m[Kâ€™:
[1.504s] [01m[K/home/lzs/CVengers_challenge/src/vision_node.cpp:105:57:[m[K [01;31m[Kerror: [m[Kâ€˜[01m[Ktemplate_width_[m[Kâ€™ was not declared in this scope; did you mean â€˜[01m[Ktemplate_img[m[Kâ€™?
[1.504s]   105 |         cv::resize(template_img, template_img, cv::Size([01;31m[Ktemplate_width_[m[K, template_height_));
[1.504s]       |                                                         [01;31m[K^~~~~~~~~~~~~~~[m[K
[1.504s]       |                                                         [32m[Ktemplate_img[m[K
[1.511s] [01m[K/home/lzs/CVengers_challenge/src/vision_node.cpp:105:74:[m[K [01;31m[Kerror: [m[Kâ€˜[01m[Ktemplate_height_[m[Kâ€™ was not declared in this scope; did you mean â€˜[01m[Ktemplate_img[m[Kâ€™?
[1.511s]   105 | esize(template_img, template_img, cv::Size(template_width_, [01;31m[Ktemplate_height_[m[K));
[1.511s]       |                                                             [01;31m[K^~~~~~~~~~~~~~~~[m[K
[1.511s]       |                                                             [32m[Ktemplate_img[m[K
[2.882s] gmake[2]: *** [CMakeFiles/armor_node.dir/build.make:76ï¼šCMakeFiles/armor_node.dir/src/vision_node.cpp.o] é”™è¯¯ 1
[2.883s] gmake[1]: *** [CMakeFiles/Makefile2:137ï¼šCMakeFiles/armor_node.dir/all] é”™è¯¯ 2
[2.883s] gmake: *** [Makefile:146ï¼šall] é”™è¯¯ 2
[2.885s] Invoked command in '/home/lzs/CVengers_challenge/build/cvengers_challenge' returned '2': CMAKE_PREFIX_PATH=${CMAKE_PREFIX_PATH}:/opt/ros/humble /usr/bin/cmake --build /home/lzs/CVengers_challenge/build/cvengers_challenge -- -j24 -l24
