[0.009s] Invoking command in '/home/lzs/CVengers_challenge/build/cvengers_challenge': CMAKE_PREFIX_PATH=${CMAKE_PREFIX_PATH}:/opt/ros/humble /usr/bin/cmake --build /home/lzs/CVengers_challenge/build/cvengers_challenge -- -j24 -l24
[0.043s] -- Found ament_cmake: 1.3.12 (/opt/ros/humble/share/ament_cmake/cmake)
[0.113s] -- Found rclcpp: 16.0.16 (/opt/ros/humble/share/rclcpp/cmake)
[0.137s] -- Found rosidl_generator_c: 3.1.7 (/opt/ros/humble/share/rosidl_generator_c/cmake)
[0.138s] -- Found rosidl_adapter: 3.1.7 (/opt/ros/humble/share/rosidl_adapter/cmake)
[0.142s] -- Found rosidl_generator_cpp: 3.1.7 (/opt/ros/humble/share/rosidl_generator_cpp/cmake)
[0.148s] -- Using all available rosidl_typesupport_c: rosidl_typesupport_fastrtps_c;rosidl_typesupport_introspection_c
[0.155s] -- Using all available rosidl_typesupport_cpp: rosidl_typesupport_fastrtps_cpp;rosidl_typesupport_introspection_cpp
[0.176s] -- Found rmw_implementation_cmake: 6.1.2 (/opt/ros/humble/share/rmw_implementation_cmake/cmake)
[0.177s] -- Found rmw_fastrtps_cpp: 6.2.9 (/opt/ros/humble/share/rmw_fastrtps_cpp/cmake)
[0.237s] -- Using RMW implementation 'rmw_fastrtps_cpp' as default
[0.263s] -- Found sensor_msgs: 4.9.0 (/opt/ros/humble/share/sensor_msgs/cmake)
[0.277s] -- Found cv_bridge: 3.2.1 (/opt/ros/humble/share/cv_bridge/cmake)
[0.282s] -- Found image_transport: 3.1.12 (/opt/ros/humble/share/image_transport/cmake)
[0.295s] -- Found pose_msg: 0.0.0 (/home/lzs/Vision_Arena_2025/install/pose_msg/share/pose_msg/cmake)
[0.303s] -- Found referee_pkg: 0.0.0 (/home/lzs/Vision_Arena_2025/install/referee_pkg/share/referee_pkg/cmake)
[0.310s] -- Found armor_recognition_interfaces: 1.0.0 (/home/lzs/Vision_Arena_2025/install/armor_recognition_interfaces/share/armor_recognition_interfaces/cmake)
[0.355s] -- Configuring done
[0.368s] -- Generating done
[0.370s] -- Build files have been written to: /home/lzs/CVengers_challenge/build/cvengers_challenge
[0.388s] [35m[1mConsolidate compiler generated dependencies of target armor_node[0m
[0.398s] [ 14%] [32mBuilding CXX object CMakeFiles/train_digit_model.dir/src/train_digit_model.cpp.o[0m
[0.398s] [ 28%] [32mBuilding CXX object CMakeFiles/train_digit_model.dir/src/src/mlp_trainer.cpp.o[0m
[0.402s] [ 42%] [32mBuilding CXX object CMakeFiles/armor_node.dir/src/src/image_processor.cpp.o[0m
[0.405s] [ 57%] [32mBuilding CXX object CMakeFiles/armor_node.dir/src/src/armor_detector.cpp.o[0m
[0.405s] [ 71%] [32mBuilding CXX object CMakeFiles/armor_node.dir/src/vision_node.cpp.o[0m
[0.414s] [01m[K/home/lzs/CVengers_challenge/src/train_digit_model.cpp:1:10:[m[K [01;31m[Kfatal error: [m[Krclcpp/rclcpp.hpp: æ²¡æœ‰é‚£ä¸ªæ–‡ä»¶æˆ–ç›®å½•
[0.414s]     1 | #include [01;31m[K<rclcpp/rclcpp.hpp>[m[K
[0.414s]       |          [01;31m[K^~~~~~~~~~~~~~~~~~~[m[K
[0.414s] compilation terminated.
[0.415s] gmake[2]: *** [CMakeFiles/train_digit_model.dir/build.make:76ï¼šCMakeFiles/train_digit_model.dir/src/train_digit_model.cpp.o] é”™è¯¯ 1
[0.415s] gmake[2]: *** æ­£åœ¨ç­‰å¾…æœªå®Œæˆçš„ä»»åŠ¡....
[0.474s] [01m[K/home/lzs/CVengers_challenge/src/src/mlp_trainer.cpp:2:10:[m[K [01;31m[Kfatal error: [m[Krclcpp/rclcpp.hpp: æ²¡æœ‰é‚£ä¸ªæ–‡ä»¶æˆ–ç›®å½•
[0.474s]     2 | #include [01;31m[K<rclcpp/rclcpp.hpp>[m[K
[0.474s]       |          [01;31m[K^~~~~~~~~~~~~~~~~~~[m[K
[0.474s] compilation terminated.
[0.476s] gmake[2]: *** [CMakeFiles/train_digit_model.dir/build.make:90ï¼šCMakeFiles/train_digit_model.dir/src/src/mlp_trainer.cpp.o] é”™è¯¯ 1
[0.476s] gmake[1]: *** [CMakeFiles/Makefile2:165ï¼šCMakeFiles/train_digit_model.dir/all] é”™è¯¯ 2
[0.476s] gmake[1]: *** æ­£åœ¨ç­‰å¾…æœªå®Œæˆçš„ä»»åŠ¡....
[4.606s] [ 85%] [32m[1mLinking CXX executable armor_node[0m
[5.070s] [ 85%] Built target armor_node
[5.070s] gmake: *** [Makefile:146ï¼šall] é”™è¯¯ 2
[5.072s] Invoked command in '/home/lzs/CVengers_challenge/build/cvengers_challenge' returned '2': CMAKE_PREFIX_PATH=${CMAKE_PREFIX_PATH}:/opt/ros/humble /usr/bin/cmake --build /home/lzs/CVengers_challenge/build/cvengers_challenge -- -j24 -l24
