[0.006s] Invoking command in '/home/lzs/CVengers_challenge/build/cvengers_challenge': CMAKE_PREFIX_PATH=${CMAKE_PREFIX_PATH}:/opt/ros/humble /usr/bin/cmake --build /home/lzs/CVengers_challenge/build/cvengers_challenge -- -j24 -l24
[0.044s] [35m[1mConsolidate compiler generated dependencies of target train_digit_model_cpp[0m
[0.075s] [ 14%] [32mBuilding CXX object CMakeFiles/armor_node.dir/src/vision_node.cpp.o[0m
[0.076s] [ 28%] [32mBuilding CXX object CMakeFiles/armor_node.dir/src/src/libtorch_digit_recognizer.cpp.o[0m
[0.077s] [ 42%] [32mBuilding CXX object CMakeFiles/train_digit_model_cpp.dir/src/train_digit_model_libtorch.cpp.o[0m
[0.079s] [ 57%] [32mBuilding CXX object CMakeFiles/armor_node.dir/src/src/armor_detector.cpp.o[0m
[0.079s] [01m[Kcc1plus:[m[K [01;31m[Kfatal error: [m[K/home/lzs/CVengers_challenge/src/src/libtorch_digit_recognizer.cpp: æ²¡æœ‰é‚£ä¸ªæ–‡ä»¶æˆ–ç›®å½•
[0.079s] compilation terminated.
[0.080s] gmake[2]: *** [CMakeFiles/armor_node.dir/build.make:118ï¼šCMakeFiles/armor_node.dir/src/src/libtorch_digit_recognizer.cpp.o] é”™è¯¯ 1
[0.080s] gmake[2]: *** æ­£åœ¨ç­‰å¾…æœªå®Œæˆçš„ä»»åŠ¡....
[0.081s] [01m[Kcc1plus:[m[K [01;31m[Kfatal error: [m[K/home/lzs/CVengers_challenge/src/train_digit_model_libtorch.cpp: æ²¡æœ‰é‚£ä¸ªæ–‡ä»¶æˆ–ç›®å½•
[0.081s] compilation terminated.
[0.081s] gmake[2]: *** [CMakeFiles/train_digit_model_cpp.dir/build.make:76ï¼šCMakeFiles/train_digit_model_cpp.dir/src/train_digit_model_libtorch.cpp.o] é”™è¯¯ 1
[0.082s] gmake[1]: *** [CMakeFiles/Makefile2:165ï¼šCMakeFiles/train_digit_model_cpp.dir/all] é”™è¯¯ 2
[0.082s] gmake[1]: *** æ­£åœ¨ç­‰å¾…æœªå®Œæˆçš„ä»»åŠ¡....
[1.510s] [01m[K/home/lzs/CVengers_challenge/src/vision_node.cpp:[m[K In member function â€˜[01m[Kvoid ArmorDetector::load_templates_from_file(const string&)[m[Kâ€™:
[1.510s] [01m[K/home/lzs/CVengers_challenge/src/vision_node.cpp:105:57:[m[K [01;31m[Kerror: [m[Kâ€˜[01m[Ktemplate_width_[m[Kâ€™ was not declared in this scope; did you mean â€˜[01m[Ktemplate_img[m[Kâ€™?
[1.510s]   105 |         cv::resize(template_img, template_img, cv::Size([01;31m[Ktemplate_width_[m[K, template_height_));
[1.510s]       |                                                         [01;31m[K^~~~~~~~~~~~~~~[m[K
[1.510s]       |                                                         [32m[Ktemplate_img[m[K
[1.516s] [01m[K/home/lzs/CVengers_challenge/src/vision_node.cpp:105:74:[m[K [01;31m[Kerror: [m[Kâ€˜[01m[Ktemplate_height_[m[Kâ€™ was not declared in this scope; did you mean â€˜[01m[Ktemplate_img[m[Kâ€™?
[1.516s]   105 | esize(template_img, template_img, cv::Size(template_width_, [01;31m[Ktemplate_height_[m[K));
[1.516s]       |                                                             [01;31m[K^~~~~~~~~~~~~~~~[m[K
[1.516s]       |                                                             [32m[Ktemplate_img[m[K
[1.716s] [01m[K/home/lzs/CVengers_challenge/src/src/armor_detector.cpp:[m[K In member function â€˜[01m[Kint ArmorDetector::num_recognition(cv::Mat)[m[Kâ€™:
[1.716s] [01m[K/home/lzs/CVengers_challenge/src/src/armor_detector.cpp:346:23:[m[K [01;35m[Kwarning: [m[Kcomparison of integer expressions of different signedness: â€˜[01m[Kint[m[Kâ€™ and â€˜[01m[Kstd::vector<cv::Mat>::size_type[m[Kâ€™ {aka â€˜[01m[Klong unsigned int[m[Kâ€™} [[01;35m[K]8;;https://gcc.gnu.org/onlinedocs/gcc/Warning-Options.html#index-Wsign-compare-Wsign-compare]8;;[m[K]
[1.716s]   346 |     for (int i = 0; [01;35m[Ki < number_templates_.size()[m[K; i++) {
[1.716s]       |                     [01;35m[K~~^~~~~~~~~~~~~~~~~~~~~~~~~~[m[K
[2.880s] gmake[2]: *** [CMakeFiles/armor_node.dir/build.make:76ï¼šCMakeFiles/armor_node.dir/src/vision_node.cpp.o] é”™è¯¯ 1
[2.881s] gmake[1]: *** [CMakeFiles/Makefile2:139ï¼šCMakeFiles/armor_node.dir/all] é”™è¯¯ 2
[2.881s] gmake: *** [Makefile:146ï¼šall] é”™è¯¯ 2
[2.883s] Invoked command in '/home/lzs/CVengers_challenge/build/cvengers_challenge' returned '2': CMAKE_PREFIX_PATH=${CMAKE_PREFIX_PATH}:/opt/ros/humble /usr/bin/cmake --build /home/lzs/CVengers_challenge/build/cvengers_challenge -- -j24 -l24
