[35m[1mConsolidate compiler generated dependencies of target armor_node[0m
[ 28%] Built target train_digit_model_cpp
[ 42%] [32mBuilding CXX object CMakeFiles/armor_node.dir/src/vision_node.cpp.o[0m
[ 57%] [32mBuilding CXX object CMakeFiles/armor_node.dir/src/src/armor_detector.cpp.o[0m
[01m[K/home/lzs/CVengers_challenge/src/vision_node.cpp:[m[K In member function â€˜[01m[Kvoid ArmorNode::image_callback(sensor_msgs::msg::Image_<std::allocator<void> >::SharedPtr)[m[Kâ€™:
[01m[K/home/lzs/CVengers_challenge/src/vision_node.cpp:64:52:[m[K [01;31m[Kerror: [m[Kâ€˜[01m[Kclass ArmorDetector[m[Kâ€™ has no member named â€˜[01m[Ktestshow[m[Kâ€™
   64 |             auto display_image2 = armor_detector_->[01;31m[Ktestshow[m[K(image);
      |                                                    [01;31m[K^~~~~~~~[m[K
gmake[2]: *** [CMakeFiles/armor_node.dir/build.make:76ï¼šCMakeFiles/armor_node.dir/src/vision_node.cpp.o] é”™è¯¯ 1
gmake[1]: *** [CMakeFiles/Makefile2:139ï¼šCMakeFiles/armor_node.dir/all] é”™è¯¯ 2
gmake: *** [Makefile:146ï¼šall] é”™è¯¯ 2
